TN:
SF:js\services\notificationLinkService.ts
FN:8,handleNotificationLink
FN:23,get
FN:32,handleFriendRequests
FN:49,handleGroupInviteRequests
FN:61,handleOtherLinks
FNF:5
FNH:5
FNDA:13,handleNotificationLink
FNDA:13,get
FNDA:3,handleFriendRequests
FNDA:4,handleGroupInviteRequests
FNDA:6,handleOtherLinks
DA:1,1
DA:2,1
DA:3,1
DA:4,1
DA:5,1
DA:6,1
DA:7,1
DA:8,13
DA:9,13
DA:10,13
DA:11,13
DA:12,13
DA:13,3
DA:14,3
DA:15,13
DA:16,4
DA:17,4
DA:18,13
DA:19,6
DA:20,6
DA:21,13
DA:22,13
DA:23,13
DA:24,1
DA:25,1
DA:26,1
DA:27,1
DA:28,1
DA:29,1
DA:30,1
DA:31,1
DA:32,3
DA:33,3
DA:34,3
DA:35,3
DA:36,3
DA:37,3
DA:38,2
DA:39,3
DA:40,3
DA:41,1
DA:42,1
DA:43,1
DA:44,1
DA:45,1
DA:46,1
DA:47,1
DA:48,1
DA:49,4
DA:50,4
DA:51,4
DA:52,2
DA:53,1
DA:54,4
DA:55,4
DA:56,4
DA:57,1
DA:58,1
DA:59,1
DA:60,1
DA:61,6
DA:62,6
DA:63,6
DA:64,6
DA:65,6
DA:66,2
DA:67,4
DA:68,4
DA:69,2
DA:70,2
DA:71,2
DA:72,2
DA:73,6
DA:74,3
DA:75,3
DA:76,3
DA:77,3
LF:77
LH:77
BRDA:8,0,0,13
BRDA:12,1,0,3
BRDA:15,2,0,4
BRDA:18,3,0,6
BRDA:23,4,0,13
BRDA:32,5,0,3
BRDA:37,6,0,1
BRDA:37,7,0,2
BRDA:38,8,0,1
BRDA:49,9,0,4
BRDA:51,10,0,2
BRDA:52,11,0,1
BRDA:61,12,0,6
BRDA:65,13,0,2
BRDA:66,14,0,4
BRDA:68,15,0,2
BRDA:73,16,0,3
BRF:17
BRH:17
end_of_record
TN:
SF:js\services\toastService.ts
FN:4,get
FN:9,successToast
FN:11,get
FN:16,errorToast
FN:18,get
FN:23,createToast
FN:32,sendToast
FN:34,get
FN:39,clearToast
FN:41,get
FN:47,storeToastInLocalStorage
FN:50,get
FN:55,fetchStoredToasts
FN:61,get
FN:66,reconstructToast
FNF:15
FNH:0
FNDA:0,get
FNDA:0,successToast
FNDA:0,get
FNDA:0,errorToast
FNDA:0,get
FNDA:0,createToast
FNDA:0,sendToast
FNDA:0,get
FNDA:0,clearToast
FNDA:0,get
FNDA:0,storeToastInLocalStorage
FNDA:0,get
FNDA:0,fetchStoredToasts
FNDA:0,get
FNDA:0,reconstructToast
DA:1,1
DA:2,1
DA:3,1
DA:4,1
DA:5,1
DA:6,1
DA:7,1
DA:8,1
DA:9,1
DA:10,0
DA:11,0
DA:12,1
DA:13,1
DA:14,1
DA:15,1
DA:16,1
DA:17,0
DA:18,0
DA:19,1
DA:20,1
DA:21,1
DA:22,1
DA:23,0
DA:24,0
DA:25,0
DA:26,0
DA:27,0
DA:28,1
DA:29,1
DA:30,1
DA:31,1
DA:32,1
DA:33,0
DA:34,0
DA:35,1
DA:36,1
DA:37,1
DA:38,1
DA:39,1
DA:40,0
DA:41,0
DA:42,1
DA:43,1
DA:44,1
DA:45,1
DA:46,1
DA:47,1
DA:48,0
DA:49,0
DA:50,0
DA:51,1
DA:52,1
DA:53,1
DA:54,1
DA:55,1
DA:56,0
DA:57,0
DA:58,0
DA:59,0
DA:60,0
DA:61,0
DA:62,1
DA:63,1
DA:64,1
DA:65,1
DA:66,0
DA:67,0
DA:68,0
DA:69,0
LF:69
LH:43
BRF:0
BRH:0
end_of_record
TN:
SF:js\store\friendStore.ts
FN:7,state
FN:17,sendRequest
FN:20,getRequests
FN:24,getFriends
FN:28,acceptRequest
FN:38,denyRequest
FN:47,removeRequest
FN:56,removeFriend
FN:73,handleError
FN:83,get
FNF:10
FNH:2
FNDA:3,state
FNDA:0,sendRequest
FNDA:0,getRequests
FNDA:0,getFriends
FNDA:0,acceptRequest
FNDA:0,denyRequest
FNDA:0,removeRequest
FNDA:0,removeFriend
FNDA:0,handleError
FNDA:5,get
DA:1,1
DA:2,1
DA:3,1
DA:4,1
DA:5,1
DA:6,1
DA:7,1
DA:8,3
DA:9,3
DA:10,3
DA:11,3
DA:12,3
DA:13,3
DA:14,3
DA:15,3
DA:16,1
DA:17,1
DA:18,0
DA:19,0
DA:20,1
DA:21,0
DA:22,0
DA:23,0
DA:24,1
DA:25,0
DA:26,0
DA:27,0
DA:28,1
DA:29,0
DA:30,0
DA:31,0
DA:32,0
DA:33,0
DA:34,0
DA:35,0
DA:36,0
DA:37,0
DA:38,1
DA:39,0
DA:40,0
DA:41,0
DA:42,0
DA:43,0
DA:44,0
DA:45,0
DA:46,0
DA:47,1
DA:48,0
DA:49,0
DA:50,0
DA:51,0
DA:52,0
DA:53,0
DA:54,0
DA:55,0
DA:56,1
DA:57,0
DA:58,0
DA:59,0
DA:60,0
DA:61,0
DA:62,0
DA:63,0
DA:64,0
DA:65,1
DA:66,1
DA:67,1
DA:68,1
DA:69,1
DA:70,1
DA:71,1
DA:72,1
DA:73,1
DA:74,0
DA:75,0
DA:76,0
DA:77,0
DA:78,0
DA:79,0
DA:80,0
DA:81,0
DA:82,1
DA:83,1
LF:83
LH:34
BRDA:7,0,0,3
BRDA:83,1,0,5
BRF:2
BRH:2
end_of_record
