TN:
SF:js\i18n.js
FNF:0
FNH:0
DA:1,1
DA:2,1
DA:3,1
DA:4,1
DA:5,1
DA:6,1
DA:7,1
DA:8,1
DA:9,1
DA:10,1
DA:11,1
DA:12,1
DA:13,1
DA:14,1
DA:15,1
DA:16,1
DA:17,1
DA:18,1
DA:19,1
DA:20,1
DA:21,1
DA:22,1
DA:23,1
LF:23
LH:23
BRDA:1,0,0,1
BRDA:1,1,0,1
BRF:2
BRH:2
end_of_record
TN:
SF:js\services\dateService.ts
FN:5,parseTimeSince
FN:13,get
FN:15,daysSince
FN:20,get
FN:27,parseDateTime
FN:31,get
FN:33,parseIntoDateTime
FN:45,parseIntoStringFormat
FN:57,getDateWithAddedDays
FN:62,get
FN:64,isDateItem
FN:66,get
FN:68,getYesterdayDate
FN:72,get
FNF:14
FNH:14
FNDA:5,parseTimeSince
FNDA:4,get
FNDA:1,daysSince
FNDA:1,get
FNDA:6,parseDateTime
FNDA:6,get
FNDA:6,parseIntoDateTime
FNDA:5,parseIntoStringFormat
FNDA:2,getDateWithAddedDays
FNDA:2,get
FNDA:2,isDateItem
FNDA:2,get
FNDA:1,getYesterdayDate
FNDA:1,get
DA:1,1
DA:2,1
DA:3,1
DA:4,1
DA:5,1
DA:6,5
DA:7,5
DA:8,5
DA:9,5
DA:10,5
DA:11,5
DA:12,5
DA:13,4
DA:14,1
DA:15,1
DA:16,1
DA:17,1
DA:18,1
DA:19,1
DA:20,1
DA:21,1
DA:22,1
DA:23,1
DA:24,1
DA:25,1
DA:26,1
DA:27,1
DA:28,6
DA:29,6
DA:30,5
DA:31,6
DA:32,1
DA:33,6
DA:34,6
DA:35,5
DA:36,5
DA:37,5
DA:38,5
DA:39,6
DA:40,1
DA:41,1
DA:42,5
DA:43,5
DA:44,1
DA:45,5
DA:46,5
DA:47,5
DA:48,5
DA:49,5
DA:50,4
DA:51,4
DA:52,3
DA:53,3
DA:54,2
DA:55,2
DA:56,1
DA:57,1
DA:58,2
DA:59,2
DA:60,2
DA:61,1
DA:62,2
DA:63,1
DA:64,1
DA:65,2
DA:66,2
DA:67,1
DA:68,1
DA:69,1
DA:70,1
DA:71,1
DA:72,1
LF:72
LH:72
BRDA:5,0,0,5
BRDA:7,1,0,1
BRDA:8,2,0,2
BRDA:9,3,0,4
BRDA:9,4,0,1
BRDA:10,5,0,4
BRDA:10,6,0,2
BRDA:11,7,0,4
BRDA:11,8,0,3
BRDA:11,9,0,2
BRDA:11,10,0,1
BRDA:13,11,0,4
BRDA:15,12,0,1
BRDA:20,13,0,1
BRDA:27,14,0,6
BRDA:29,15,0,1
BRDA:29,16,0,5
BRDA:31,17,0,6
BRDA:33,18,0,6
BRDA:34,19,0,1
BRDA:34,20,0,5
BRDA:39,21,0,1
BRDA:41,22,0,5
BRDA:45,23,0,5
BRDA:49,24,0,1
BRDA:49,25,0,4
BRDA:51,26,0,1
BRDA:51,27,0,3
BRDA:53,28,0,1
BRDA:53,29,0,2
BRDA:57,30,0,2
BRDA:60,31,0,1
BRDA:62,32,0,2
BRDA:64,33,0,2
BRDA:66,34,0,2
BRDA:68,35,0,1
BRDA:72,36,0,1
BRF:37
BRH:37
end_of_record
TN:
SF:lang\en.js
FNF:0
FNH:0
DA:1,1
DA:2,1
DA:3,1
DA:4,1
DA:5,1
DA:6,1
DA:7,1
DA:8,1
DA:9,1
DA:10,1
DA:11,1
DA:12,1
DA:13,1
DA:14,1
DA:15,1
DA:16,1
DA:17,1
DA:18,1
DA:19,1
DA:20,1
DA:21,1
DA:22,1
DA:23,1
DA:24,1
DA:25,1
LF:25
LH:25
BRF:0
BRH:0
end_of_record
TN:
SF:lang\nl.js
FNF:0
FNH:0
DA:1,1
DA:2,1
DA:3,1
DA:4,1
DA:5,1
DA:6,1
DA:7,1
DA:8,1
DA:9,1
DA:10,1
DA:11,1
DA:12,1
DA:13,1
DA:14,1
DA:15,1
DA:16,1
DA:17,1
DA:18,1
DA:19,1
DA:20,1
DA:21,1
DA:22,1
DA:23,1
DA:24,1
DA:25,1
LF:25
LH:25
BRF:0
BRH:0
end_of_record
